BakSmsZS/proguard/seeds.txt
com.android.pmsms.R$drawable: int ic_launcher
com.android.pmsms.R$drawable: int icon
com.android.pmsms.R$drawable: int qqicon
com.android.pmsms.R$drawable: int splash
com.android.pmsms.R$id: int textView1
com.android.pmsms.R$id: int textView2
com.android.pmsms.R$id: int textView3
com.android.pmsms.R$id: int textView4
com.android.pmsms.R$id: int textView5
com.android.pmsms.R$id: int yc
com.android.pmsms.R$layout: int activity_main
com.android.pmsms.R$layout: int load_xml
com.android.pmsms.R$layout: int main
com.android.pmsms.R$string: int app_name
com.android.pmsms.R$string: int hello
...
com.sun.mail.smtp.SMTPAddressSucceededException
com.sun.mail.smtp.SMTPAddressSucceededException: javax.mail.internet.InternetAddress addr
com.sun.mail.smtp.SMTPAddressSucceededException: java.lang.String cmd
com.sun.mail.smtp.SMTPAddressSucceededException: int rc
com.sun.mail.smtp.SMTPAddressSucceededException: long serialVersionUID
com.sun.mail.smtp.SMTPAddressSucceededException: SMTPAddressSucceededException(javax.mail.internet.InternetAddress,java.lang.String,int,java.lang.String)
com.sun.mail.smtp.SMTPAddressSucceededException: javax.mail.internet.InternetAddress getAddress()
com.sun.mail.smtp.SMTPAddressSucceededException: java.lang.String getCommand()
com.sun.mail.smtp.SMTPAddressSucceededException: int getReturnCode()
com.sun.mail.smtp.SMTPMessage
com.sun.mail.smtp.SMTPMessage: int NOTIFY_NEVER
com.sun.mail.smtp.SMTPMessage: int NOTIFY_SUCCESS
com.sun.mail.smtp.SMTPMessage: int NOTIFY_FAILURE
com.sun.mail.smtp.SMTPMessage: int NOTIFY_DELAY
com.sun.mail.smtp.SMTPMessage: int RETURN_FULL
com.sun.mail.smtp.SMTPMessage: int RETURN_HDRS
com.sun.mail.smtp.SMTPMessage: java.lang.String[] returnOptionString
com.sun.mail.smtp.SMTPMessage: java.lang.String envelopeFrom
com.sun.mail.smtp.SMTPMessage: int notifyOptions
com.sun.mail.smtp.SMTPMessage: int returnOption
com.sun.mail.smtp.SMTPMessage: boolean sendPartial
com.sun.mail.smtp.SMTPMessage: boolean allow8bitMIME
com.sun.mail.smtp.SMTPMessage: java.lang.String submitter
com.sun.mail.smtp.SMTPMessage: java.lang.String extension
com.sun.mail.smtp.SMTPMessage: void <clinit>()
com.sun.mail.smtp.SMTPMessage: SMTPMessage(javax.mail.Session)
com.sun.mail.smtp.SMTPMessage: SMTPMessage(javax.mail.Session,java.io.InputStream)
com.sun.mail.smtp.SMTPMessage: SMTPMessage(javax.mail.internet.MimeMessage)
com.sun.mail.smtp.SMTPMessage: void setEnvelopeFrom(java.lang.String)
com.sun.mail.smtp.SMTPMessage: java.lang.String getEnvelopeFrom()
com.sun.mail.smtp.SMTPMessage: void setNotifyOptions(int)
com.sun.mail.smtp.SMTPMessage: int getNotifyOptions()
com.sun.mail.smtp.SMTPMessage: java.lang.String getDSNNotify()
com.sun.mail.smtp.SMTPMessage: void setReturnOption(int)
com.sun.mail.smtp.SMTPMessage: int getReturnOption()
com.sun.mail.smtp.SMTPOutputStream
com.sun.mail.smtp.SMTPOutputStream: SMTPOutputStream(java.io.OutputStream)
com.sun.mail.smtp.SMTPOutputStream: void write(int)
com.sun.mail.smtp.SMTPOutputStream: void write(byte[],int,int)
com.sun.mail.smtp.SMTPOutputStream: void flush()
com.sun.mail.smtp.SMTPOutputStream: void ensureAtBOL()
com.sun.mail.smtp.SMTPSSLTransport
com.sun.mail.smtp.SMTPSSLTransport: SMTPSSLTransport(javax.mail.Session,javax.mail.URLName)
com.sun.mail.smtp.SMTPSendFailedException
com.sun.mail.smtp.SMTPSendFailedException: javax.mail.internet.InternetAddress addr
com.sun.mail.smtp.SMTPSendFailedException: java.lang.String cmd
com.sun.mail.smtp.SMTPSendFailedException: int rc
com.sun.mail.smtp.SMTPSendFailedException: long serialVersionUID
com.sun.mail.smtp.SMTPSendFailedException: SMTPSendFailedException(java.lang.String,int,java.lang.String,java.lang.Exception,javax.mail.Address[],javax.mail.Address[],javax.mail.Address[])
com.sun.mail.smtp.SMTPSendFailedException: java.lang.String getCommand()
com.sun.mail.smtp.SMTPSendFailedException: int getReturnCode()