BakSmsZS/proguard/mapping.txt
myjava.awt.datatransfer.MimeTypeProcessor -> myjava.awt.datatransfer.MimeTypeProcessor:
    myjava.awt.datatransfer.MimeTypeProcessor instance -> instance
    myjava.awt.datatransfer.MimeTypeProcessor$MimeType parse(java.lang.String) -> parse
    java.lang.String assemble(myjava.awt.datatransfer.MimeTypeProcessor$MimeType) -> assemble
    void retrieveType(java.lang.String,myjava.awt.datatransfer.MimeTypeProcessor$MimeType,myjava.awt.datatransfer.MimeTypeProcessor$StringPosition) -> retrieveType
    void retrieveParams(java.lang.String,myjava.awt.datatransfer.MimeTypeProcessor$MimeType,myjava.awt.datatransfer.MimeTypeProcessor$StringPosition) -> retrieveParams
    void retrieveParam(java.lang.String,myjava.awt.datatransfer.MimeTypeProcessor$MimeType,myjava.awt.datatransfer.MimeTypeProcessor$StringPosition) -> retrieveParam
    java.lang.String retrieveQuoted(java.lang.String,myjava.awt.datatransfer.MimeTypeProcessor$StringPosition) -> retrieveQuoted
    java.lang.String retrieveToken(java.lang.String,myjava.awt.datatransfer.MimeTypeProcessor$StringPosition) -> retrieveToken
    int getNextMeaningfulIndex(java.lang.String,int) -> getNextMeaningfulIndex
    boolean isTSpecialChar(char) -> isTSpecialChar
    boolean isMeaningfulChar(char) -> isMeaningfulChar
myjava.awt.datatransfer.MimeTypeProcessor$MimeType -> myjava.awt.datatransfer.MimeTypeProcessor$MimeType:
    long serialVersionUID -> serialVersionUID
    java.lang.String primaryType -> primaryType
    java.lang.String subType -> subType
    java.util.Hashtable parameters -> parameters
    java.util.Hashtable systemParameters -> systemParameters
    boolean equals(myjava.awt.datatransfer.MimeTypeProcessor$MimeType) -> equals
    java.lang.String getPrimaryType() -> getPrimaryType
    java.lang.String getSubType() -> getSubType
    java.lang.String getFullType() -> getFullType
    java.lang.String getParameter(java.lang.String) -> getParameter
    void addParameter(java.lang.String,java.lang.String) -> addParameter
    void removeParameter(java.lang.String) -> removeParameter
    java.lang.Object getSystemParameter(java.lang.String) -> getSystemParameter
    void addSystemParameter(java.lang.String,java.lang.Object) -> addSystemParameter
    java.lang.Object clone() -> clone
    java.util.Hashtable access$0(myjava.awt.datatransfer.MimeTypeProcessor$MimeType) -> access$0
    void access$1(myjava.awt.datatransfer.MimeTypeProcessor$MimeType,java.lang.String) -> access$1
    void access$2(myjava.awt.datatransfer.MimeTypeProcessor$MimeType,java.lang.String) -> access$2
    void access$3(myjava.awt.datatransfer.MimeTypeProcessor$MimeType,java.util.Hashtable) -> access$3
    void access$4(myjava.awt.datatransfer.MimeTypeProcessor$MimeType,java.util.Hashtable) -> access$4
myjava.awt.datatransfer.MimeTypeProcessor$StringPosition -> myjava.awt.datatransfer.MimeTypeProcessor$StringPosition:
    int i -> i
myjava.awt.datatransfer.Transferable -> myjava.awt.datatransfer.Transferable:
    java.lang.Object getTransferData(myjava.awt.datatransfer.DataFlavor) -> getTransferData
    boolean isDataFlavorSupported(myjava.awt.datatransfer.DataFlavor) -> isDataFlavorSupported
    myjava.awt.datatransfer.DataFlavor[] getTransferDataFlavors() -> getTransferDataFlavors
myjava.awt.datatransfer.UnsupportedFlavorException -> myjava.awt.datatransfer.UnsupportedFlavorException:
    long serialVersionUID -> serialVersionUID